Copyright 1986-2017 Xilinx, Inc. All Rights Reserved.
---------------------------------------------------------------------------------------------
| Tool Version : Vivado v.2017.4 (win64) Build 2086221 Fri Dec 15 20:55:39 MST 2017
| Date         : Tue Aug 25 17:29:52 2020
| Host         : LAPTOP-NQ6E9U04 running 64-bit major release  (build 9200)
| Command      : report_control_sets -verbose -file design_1_wrapper_control_sets_placed.rpt
| Design       : design_1_wrapper
| Device       : xc7a35t
---------------------------------------------------------------------------------------------

Control Set Information

Table of Contents
-----------------
1. Summary
2. Flip-Flop Distribution
3. Detailed Control Set Information

1. Summary
----------

+----------------------------------------------------------+-------+
|                          Status                          | Count |
+----------------------------------------------------------+-------+
| Number of unique control sets                            |    86 |
| Unused register locations in slices containing registers |   232 |
+----------------------------------------------------------+-------+


2. Flip-Flop Distribution
-------------------------

+--------------+-----------------------+------------------------+-----------------+--------------+
| Clock Enable | Synchronous Set/Reset | Asynchronous Set/Reset | Total Registers | Total Slices |
+--------------+-----------------------+------------------------+-----------------+--------------+
| No           | No                    | No                     |             894 |          317 |
| No           | No                    | Yes                    |               0 |            0 |
| No           | Yes                   | No                     |             310 |          159 |
| Yes          | No                    | No                     |             418 |          164 |
| Yes          | No                    | Yes                    |               0 |            0 |
| Yes          | Yes                   | No                     |            1058 |          350 |
+--------------+-----------------------+------------------------+-----------------+--------------+


3. Detailed Control Set Information
-----------------------------------

+------------------------------------------------------------------------------------------------+------------------------------------------------------------------------------------------------------------------+----------------------------------------------------------------------------------------------------------------------+------------------+----------------+
|                                          Clock Signal                                          |                                                   Enable Signal                                                  |                                                   Set/Reset Signal                                                   | Slice Load Count | Bel Load Count |
+------------------------------------------------------------------------------------------------+------------------------------------------------------------------------------------------------------------------+----------------------------------------------------------------------------------------------------------------------+------------------+----------------+
|  design_1_i/Beispielrechner_System_0/U0/DMA_Inst/Kanal2/Rechenwerk.Byte_Trans_i_reg_i_2__0_n_4 |                                                                                                                  | design_1_i/Beispielrechner_System_0/U0/DMA_Inst/Kanal2/Rechenwerk.Byte_Trans_i_reg_i_3__0_n_4                        |                1 |              1 |
|  design_1_i/Beispielrechner_System_0/U0/DMA_Inst/Kanal1/Rechenwerk.Byte_Trans_i_reg_i_2_n_4    |                                                                                                                  | design_1_i/Beispielrechner_System_0/U0/DMA_Inst/Kanal1/Rechenwerk.Byte_Trans_i_reg_i_3_n_4                           |                1 |              1 |
|  design_1_i/Beispielrechner_System_0/U0/DMA_Inst/Kanal3/Rechenwerk.Byte_Trans_i_reg_i_2__1_n_4 |                                                                                                                  | design_1_i/Beispielrechner_System_0/U0/DMA_Inst/Kanal3/Rechenwerk.Byte_Trans_i_reg_i_3__1_n_4                        |                1 |              1 |
|  design_1_i/Beispielrechner_System_0/U0/DMA_Inst/Kanal4/Rechenwerk.Byte_Trans_i_reg_i_2__2_n_4 |                                                                                                                  | design_1_i/Beispielrechner_System_0/U0/DMA_Inst/Kanal4/Rechenwerk.Byte_Trans_i_reg_i_3__2_n_4                        |                1 |              1 |
|  design_1_i/clk_wiz_0/inst/clk_out1                                                            | design_1_i/Beispielrechner_System_0/U0/UART_Inst/Empfaenger/p_1_in[11]                                           | design_1_i/Beispielrechner_System_0/U0/UART_Inst/Empfaenger/Rechenwerk.Q[15]__0_i_1__0_n_4                           |                1 |              1 |
|  design_1_i/clk_wiz_0/inst/clk_out1                                                            | design_1_i/Beispielrechner_System_0/U0/UART_Inst/Empfaenger/p_1_in[14]                                           | design_1_i/Beispielrechner_System_0/U0/UART_Inst/Empfaenger/Rechenwerk.Q[15]__0_i_1__0_n_4                           |                1 |              1 |
|  design_1_i/clk_wiz_0/inst/clk_out1                                                            | design_1_i/Beispielrechner_System_0/U0/UART_Inst/Empfaenger/p_1_in[10]                                           | design_1_i/Beispielrechner_System_0/U0/UART_Inst/Empfaenger/Rechenwerk.Q[15]__0_i_1__0_n_4                           |                1 |              1 |
|  design_1_i/clk_wiz_0/inst/clk_out1                                                            | design_1_i/Beispielrechner_System_0/U0/UART_Inst/Empfaenger/p_1_in[15]                                           | design_1_i/Beispielrechner_System_0/U0/UART_Inst/Empfaenger/Rechenwerk.Q[15]__0_i_1__0_n_4                           |                1 |              1 |
|  design_1_i/clk_wiz_0/inst/clk_out1                                                            | design_1_i/Beispielrechner_System_0/U0/UART_Inst/Empfaenger/p_1_in[1]                                            | design_1_i/Beispielrechner_System_0/U0/UART_Inst/Empfaenger/Rechenwerk.Q[15]__0_i_1__0_n_4                           |                1 |              1 |
|  design_1_i/clk_wiz_0/inst/clk_out1                                                            | design_1_i/Beispielrechner_System_0/U0/UART_Inst/Empfaenger/p_1_in[3]                                            | design_1_i/Beispielrechner_System_0/U0/UART_Inst/Empfaenger/Rechenwerk.Q[15]__0_i_1__0_n_4                           |                1 |              1 |
|  design_1_i/clk_wiz_0/inst/clk_out1                                                            | design_1_i/Beispielrechner_System_0/U0/UART_Inst/Empfaenger/p_1_in[2]                                            | design_1_i/Beispielrechner_System_0/U0/UART_Inst/Empfaenger/Rechenwerk.Q[15]__0_i_1__0_n_4                           |                1 |              1 |
|  design_1_i/clk_wiz_0/inst/clk_out1                                                            | design_1_i/Beispielrechner_System_0/U0/UART_Inst/Empfaenger/p_1_in[0]                                            | design_1_i/Beispielrechner_System_0/U0/UART_Inst/Empfaenger/Rechenwerk.Q[15]__0_i_1__0_n_4                           |                1 |              1 |
|  design_1_i/clk_wiz_0/inst/clk_out1                                                            | design_1_i/Beispielrechner_System_0/U0/UART_Inst/Empfaenger/p_1_in[8]                                            | design_1_i/Beispielrechner_System_0/U0/UART_Inst/Empfaenger/Rechenwerk.Q[15]__0_i_1__0_n_4                           |                1 |              1 |
|  design_1_i/clk_wiz_0/inst/clk_out1                                                            | design_1_i/Beispielrechner_System_0/U0/UART_Inst/Empfaenger/p_1_in[7]                                            | design_1_i/Beispielrechner_System_0/U0/UART_Inst/Empfaenger/Rechenwerk.Q[15]__0_i_1__0_n_4                           |                1 |              1 |
|  design_1_i/clk_wiz_0/inst/clk_out1                                                            | design_1_i/Beispielrechner_System_0/U0/UART_Inst/Empfaenger/p_1_in[9]                                            | design_1_i/Beispielrechner_System_0/U0/UART_Inst/Empfaenger/Rechenwerk.Q[15]__0_i_1__0_n_4                           |                1 |              1 |
|  design_1_i/clk_wiz_0/inst/clk_out1                                                            | design_1_i/Beispielrechner_System_0/U0/UART_Inst/Empfaenger/p_1_in[6]                                            | design_1_i/Beispielrechner_System_0/U0/UART_Inst/Empfaenger/Rechenwerk.Q[15]__0_i_1__0_n_4                           |                1 |              1 |
|  design_1_i/clk_wiz_0/inst/clk_out1                                                            | design_1_i/Beispielrechner_System_0/U0/UART_Inst/Empfaenger/p_1_in[5]                                            | design_1_i/Beispielrechner_System_0/U0/UART_Inst/Empfaenger/Rechenwerk.Q[15]__0_i_1__0_n_4                           |                1 |              1 |
|  design_1_i/clk_wiz_0/inst/clk_out1                                                            | design_1_i/Beispielrechner_System_0/U0/UART_Inst/Empfaenger/p_1_in[4]                                            | design_1_i/Beispielrechner_System_0/U0/UART_Inst/Empfaenger/Rechenwerk.Q[15]__0_i_1__0_n_4                           |                1 |              1 |
|  design_1_i/clk_wiz_0/inst/clk_out1                                                            | design_1_i/Beispielrechner_System_0/U0/UART_Inst/Empfaenger/p_1_in[13]                                           | design_1_i/Beispielrechner_System_0/U0/UART_Inst/Empfaenger/Rechenwerk.Q[15]__0_i_1__0_n_4                           |                1 |              1 |
|  design_1_i/clk_wiz_0/inst/clk_out1                                                            | design_1_i/Beispielrechner_System_0/U0/UART_Inst/Empfaenger/p_1_in[12]                                           | design_1_i/Beispielrechner_System_0/U0/UART_Inst/Empfaenger/Rechenwerk.Q[15]__0_i_1__0_n_4                           |                1 |              1 |
|  design_1_i/clk_wiz_0/inst/clk_out1                                                            | design_1_i/Beispielrechner_System_0/U0/CPU_Inst/core/DataPath.ALU.div/Q1_n_4                                     | design_1_i/Beispielrechner_System_0/U0/CPU_Inst/core/DataPath.ALU.div/division.Rechenwerk.Fertig_i_1_n_4             |                1 |              4 |
|  design_1_i/clk_wiz_0/inst/clk_out1                                                            | design_1_i/Beispielrechner_System_0/U0/CPU_Inst/core/DataPath.PC_and_Exceptions.PC[31]_i_1_n_4                   | design_1_i/Beispielrechner_System_0/U0/CPU_Inst/SR[0]                                                                |                1 |              4 |
|  design_1_i/clk_wiz_0/inst/clk_out1                                                            | design_1_i/Beispielrechner_System_0/U0/CPU_Inst/core/DataPath.ALU.div/DataPath.Coprocessor0.ExcCode_reg[0][0]    | design_1_i/Beispielrechner_System_0/U0/CPU_Inst/SR[0]                                                                |                1 |              4 |
|  design_1_i/clk_wiz_0/inst/clk_out1                                                            | design_1_i/Beispielrechner_System_0/U0/CPU_Inst/swi/Wishbone_Interface/resume1                                   |                                                                                                                      |                1 |              4 |
|  design_1_i/clk_wiz_0/inst/clk_out1                                                            | design_1_i/Beispielrechner_System_0/U0/CPU_Inst/swi/Wishbone_Interface/ShiftWD                                   | design_1_i/Beispielrechner_System_0/U0/CPU_Inst/swi/Wishbone_Interface/Input_Unit.DataPath.WriteData[3]_i_1_n_4      |                2 |              4 |
|  design_1_i/clk_wiz_0/inst/clk_out1                                                            | design_1_i/Beispielrechner_System_0/U0/CPU_Inst/swi/Wishbone_Interface/ShiftA                                    | design_1_i/Beispielrechner_System_0/U0/CPU_Inst/swi/Wishbone_Interface/Input_Unit.DataPath.Address[3]_i_1_n_4        |                3 |              4 |
|  design_1_i/clk_wiz_0/inst/clk_out1                                                            | design_1_i/Beispielrechner_System_0/U0/CPU_Inst/swi/Wishbone_Interface/IM0                                       | design_1_i/Beispielrechner_System_0/U0/CPU_Inst/SR[0]                                                                |                3 |              4 |
|  design_1_i/clk_wiz_0/inst/clk_out1                                                            | design_1_i/Beispielrechner_System_0/U0/CPU_Inst/swi/Wishbone_Interface/EnableRD                                  | design_1_i/Beispielrechner_System_0/U0/CPU_Inst/swi/Wishbone_Interface/ShiftRD                                       |                3 |              4 |
|  design_1_i/clk_wiz_0/inst/clk_out1                                                            | design_1_i/Beispielrechner_System_0/U0/CPU_Inst/swi/Wishbone_Interface/EnIntervalCount                           | design_1_i/Beispielrechner_System_0/U0/CPU_Inst/swi/Wishbone_Interface/Output_Unit.DataPath.IntervalCount[4]_i_1_n_4 |                2 |              5 |
|  design_1_i/clk_wiz_0/inst/clk_out1                                                            |                                                                                                                  | design_1_i/Beispielrechner_System_0/U0/CPU_Inst/swi/Serial_input/Load                                                |                2 |              8 |
|  design_1_i/clk_wiz_0/inst/clk_out1                                                            |                                                                                                                  | design_1_i/Beispielrechner_System_0/U0/CPU_Inst/swi/Serial_input/cntval[5]_i_1_n_4                                   |                3 |              8 |
|  design_1_i/clk_wiz_0/inst/clk_out1                                                            | design_1_i/Beispielrechner_System_0/U0/DMA_Inst/Arbiters.Arbiter2/data_r_reg[7][0]                               | design_1_i/Beispielrechner_System_0/U0/CPU_Inst/RST                                                                  |                5 |              8 |
|  design_1_i/clk_wiz_0/inst/clk_out1                                                            | design_1_i/Beispielrechner_System_0/U0/CPU_Inst/swi/Serial_output/TxD_DataIn_1_reg[0]                            |                                                                                                                      |                6 |              8 |
|  design_1_i/clk_wiz_0/inst/clk_out1                                                            | design_1_i/Beispielrechner_System_0/U0/DMA_Inst/Arbiters.Arbiter2/dir_r                                          | design_1_i/Beispielrechner_System_0/U0/CPU_Inst/RST                                                                  |                5 |              8 |
|  design_1_i/clk_wiz_0/inst/clk_out1                                                            | design_1_i/Beispielrechner_System_0/U0/CPU_Inst/swi/Serial_input/EnableSR                                        | design_1_i/Beispielrechner_System_0/U0/CPU_Inst/swi/Serial_input/Load                                                |                3 |             10 |
|  design_1_i/clk_wiz_0/inst/clk_out1                                                            | design_1_i/Beispielrechner_System_0/U0/DMA_Inst/Arbiters.Arbiter2/PufferReg.Puffer_Valid_reg[0]                  | design_1_i/Beispielrechner_System_0/U0/CPU_Inst/RST                                                                  |                4 |             17 |
|  design_1_i/clk_wiz_0/inst/clk_out1                                                            | design_1_i/Beispielrechner_System_0/U0/CPU_Inst/swi/Wishbone_Interface/ShiftA                                    |                                                                                                                      |               14 |             28 |
|  design_1_i/clk_wiz_0/inst/clk_out1                                                            | design_1_i/Beispielrechner_System_0/U0/CPU_Inst/swi/Wishbone_Interface/Output_Unit.DataPath.ReadData[31]_i_1_n_4 |                                                                                                                      |               16 |             28 |
|  design_1_i/clk_wiz_0/inst/clk_out1                                                            | design_1_i/Beispielrechner_System_0/U0/CPU_Inst/swi/Wishbone_Interface/ShiftWD                                   |                                                                                                                      |               18 |             28 |
|  design_1_i/clk_wiz_0/inst/clk_out1                                                            | design_1_i/Beispielrechner_System_0/U0/CPU_Inst/core/DataPath.PC_and_Exceptions.PC[27]_i_1_n_4                   | design_1_i/Beispielrechner_System_0/U0/CPU_Inst/SR[0]                                                                |               11 |             28 |
|  design_1_i/Beispielrechner_System_0/n_1_3528_BUFG                                             |                                                                                                                  |                                                                                                                      |               22 |             32 |
|  design_1_i/Beispielrechner_System_0/n_0_3490_BUFG                                             |                                                                                                                  |                                                                                                                      |               17 |             32 |
|  design_1_i/Beispielrechner_System_0/n_2_3566_BUFG                                             |                                                                                                                  |                                                                                                                      |               20 |             32 |
|  design_1_i/clk_wiz_0/inst/clk_out1                                                            | design_1_i/Beispielrechner_System_0/U0/DMA_Inst/Arbiters.Arbiter2/Rechenwerk.AnfangsAdresse_reg[31]_0[0]         | design_1_i/Beispielrechner_System_0/U0/CPU_Inst/RST                                                                  |                5 |             32 |
|  design_1_i/clk_wiz_0/inst/clk_out1                                                            | design_1_i/Beispielrechner_System_0/U0/DMA_Inst/Kanal2/Rechenwerk.Aktuelle_Adresse[0]_i_1__2_n_4                 | design_1_i/Beispielrechner_System_0/U0/CPU_Inst/RST                                                                  |                8 |             32 |
|  design_1_i/clk_wiz_0/inst/clk_out1                                                            | design_1_i/Beispielrechner_System_0/U0/DMA_Inst/Kanal2/DataEn                                                    | design_1_i/Beispielrechner_System_0/U0/CPU_Inst/RST                                                                  |               18 |             32 |
|  design_1_i/clk_wiz_0/inst/clk_out1                                                            | design_1_i/Beispielrechner_System_0/U0/DMA_Inst/Kanal2/Aktuelle_Adresse                                          | design_1_i/Beispielrechner_System_0/U0/CPU_Inst/RST                                                                  |                8 |             32 |
|  design_1_i/clk_wiz_0/inst/clk_out1                                                            | design_1_i/Beispielrechner_System_0/U0/DMA_Inst/Kanal1/DataEn                                                    | design_1_i/Beispielrechner_System_0/U0/CPU_Inst/RST                                                                  |               13 |             32 |
|  design_1_i/clk_wiz_0/inst/clk_out1                                                            | design_1_i/Beispielrechner_System_0/U0/DMA_Inst/Arbiters.Arbiter2/Rechenwerk.AnfangsWert_reg[31]_3[0]            |                                                                                                                      |                8 |             32 |
|  design_1_i/clk_wiz_0/inst/clk_out1                                                            | design_1_i/Beispielrechner_System_0/U0/DMA_Inst/Arbiters.Arbiter2/Rechenwerk.AnfangsWert_reg[31]_2[0]            |                                                                                                                      |                8 |             32 |
|  design_1_i/clk_wiz_0/inst/clk_out1                                                            | design_1_i/Beispielrechner_System_0/U0/DMA_Inst/Arbiters.Arbiter2/Rechenwerk.AnfangsWert_reg[0][0]               |                                                                                                                      |                9 |             32 |
|  design_1_i/clk_wiz_0/inst/clk_out1                                                            | design_1_i/Beispielrechner_System_0/U0/DMA_Inst/Arbiters.Arbiter2/Rechenwerk.AnfangsAdresse_reg[31]__0_1[0]      | design_1_i/Beispielrechner_System_0/U0/CPU_Inst/RST                                                                  |                6 |             32 |
|  design_1_i/clk_wiz_0/inst/clk_out1                                                            | design_1_i/Beispielrechner_System_0/U0/DMA_Inst/Arbiters.Arbiter2/Rechenwerk.AnfangsAdresse_reg[31]_2[0]         | design_1_i/Beispielrechner_System_0/U0/CPU_Inst/RST                                                                  |                5 |             32 |
|  design_1_i/clk_wiz_0/inst/clk_out1                                                            | design_1_i/Beispielrechner_System_0/U0/DMA_Inst/Arbiters.Arbiter2/Rechenwerk.AnfangsAdresse_reg[31]__0_2[0]      | design_1_i/Beispielrechner_System_0/U0/CPU_Inst/RST                                                                  |                5 |             32 |
|  design_1_i/clk_wiz_0/inst/clk_out1                                                            | design_1_i/Beispielrechner_System_0/U0/DMA_Inst/Arbiters.Arbiter2/Rechenwerk.AnfangsWert_reg[31]_0[0]            |                                                                                                                      |               10 |             32 |
|  design_1_i/clk_wiz_0/inst/clk_out1                                                            | design_1_i/Beispielrechner_System_0/U0/DMA_Inst/Arbiters.Arbiter2/Rechenwerk.AnfangsAdresse_reg[31]_1[0]         | design_1_i/Beispielrechner_System_0/U0/CPU_Inst/RST                                                                  |                7 |             32 |
|  design_1_i/clk_wiz_0/inst/clk_out1                                                            | design_1_i/Beispielrechner_System_0/U0/DMA_Inst/Arbiters.Arbiter2/Rechenwerk.AnfangsAdresse_reg[31][0]           | design_1_i/Beispielrechner_System_0/U0/CPU_Inst/RST                                                                  |                4 |             32 |
|  design_1_i/clk_wiz_0/inst/clk_out1                                                            | design_1_i/Beispielrechner_System_0/U0/DMA_Inst/Arbiters.Arbiter2/Rechenwerk.AnfangsAdresse_reg[31]__0[0]        | design_1_i/Beispielrechner_System_0/U0/CPU_Inst/RST                                                                  |                5 |             32 |
|  design_1_i/clk_wiz_0/inst/clk_out1                                                            | design_1_i/Beispielrechner_System_0/U0/DMA_Inst/Arbiters.Arbiter2/E[0]                                           | design_1_i/Beispielrechner_System_0/U0/CPU_Inst/RST                                                                  |               11 |             32 |
|  design_1_i/clk_wiz_0/inst/clk_out1                                                            | design_1_i/Beispielrechner_System_0/U0/DMA_Inst/Arbiters.Arbiter2/CR1_reg[31][0]                                 | design_1_i/Beispielrechner_System_0/U0/CPU_Inst/RST                                                                  |               11 |             32 |
|  design_1_i/clk_wiz_0/inst/clk_out1                                                            | design_1_i/Beispielrechner_System_0/U0/DMA_Inst/Arbiters.Arbiter2/CR2_reg[31][0]                                 | design_1_i/Beispielrechner_System_0/U0/CPU_Inst/RST                                                                  |               13 |             32 |
|  design_1_i/clk_wiz_0/inst/clk_out1                                                            | design_1_i/Beispielrechner_System_0/U0/DMA_Inst/Arbiters.Arbiter2/CR0_reg[0]_0[0]                                | design_1_i/Beispielrechner_System_0/U0/CPU_Inst/RST                                                                  |               12 |             32 |
|  design_1_i/clk_wiz_0/inst/clk_out1                                                            | design_1_i/Beispielrechner_System_0/U0/CPU_Inst/swi/Wishbone_Interface/DataPath.Registers.RDs_reg[31][0]         |                                                                                                                      |               10 |             32 |
|  design_1_i/clk_wiz_0/inst/clk_out1                                                            | design_1_i/Beispielrechner_System_0/U0/DMA_Inst/Kanal4/Rechenwerk.Aktuelle_Adresse[0]_i_1_n_4                    | design_1_i/Beispielrechner_System_0/U0/CPU_Inst/RST                                                                  |                8 |             32 |
|  design_1_i/clk_wiz_0/inst/clk_out1                                                            | design_1_i/Beispielrechner_System_0/U0/DMA_Inst/Kanal4/DataEn                                                    | design_1_i/Beispielrechner_System_0/U0/CPU_Inst/RST                                                                  |               17 |             32 |
|  design_1_i/clk_wiz_0/inst/clk_out1                                                            | design_1_i/Beispielrechner_System_0/U0/DMA_Inst/Kanal4/Aktuelle_Adresse                                          | design_1_i/Beispielrechner_System_0/U0/CPU_Inst/RST                                                                  |                8 |             32 |
|  design_1_i/clk_wiz_0/inst/clk_out1                                                            | design_1_i/Beispielrechner_System_0/U0/DMA_Inst/Kanal3/DataEn                                                    | design_1_i/Beispielrechner_System_0/U0/CPU_Inst/RST                                                                  |               19 |             32 |
|  design_1_i/clk_wiz_0/inst/clk_out1                                                            | design_1_i/Beispielrechner_System_0/U0/DMA_Inst/Kanal3/Aktuelle_Adresse                                          | design_1_i/Beispielrechner_System_0/U0/CPU_Inst/RST                                                                  |                8 |             32 |
|  design_1_i/clk_wiz_0/inst/clk_out1                                                            | design_1_i/Beispielrechner_System_0/U0/DMA_Inst/Kanal3/Rechenwerk.Aktuelle_Adresse[0]_i_1__1_n_4                 | design_1_i/Beispielrechner_System_0/U0/CPU_Inst/RST                                                                  |                8 |             32 |
|  design_1_i/clk_wiz_0/inst/clk_out1                                                            | design_1_i/Beispielrechner_System_0/U0/CPU_Inst/swi/Wishbone_Interface/DataPath.Registers.gpr_dat_o_reg[31][0]   |                                                                                                                      |               18 |             32 |
|  design_1_i/clk_wiz_0/inst/clk_out1                                                            | design_1_i/Beispielrechner_System_0/U0/CPU_Inst/swi/Wishbone_Interface/DataPath.lo_reg[31][0]                    | design_1_i/Beispielrechner_System_0/U0/CPU_Inst/SR[0]                                                                |               15 |             32 |
|  design_1_i/clk_wiz_0/inst/clk_out1                                                            | design_1_i/Beispielrechner_System_0/U0/DMA_Inst/Arbiters.Arbiter2/Rechenwerk.AnfangsAdresse_reg[31]__0_0[0]      | design_1_i/Beispielrechner_System_0/U0/CPU_Inst/RST                                                                  |                4 |             32 |
|  design_1_i/clk_wiz_0/inst/clk_out1                                                            | design_1_i/Beispielrechner_System_0/U0/CPU_Inst/core/DataPath.ALU.div/division.Rechenwerk.Fertig_i_1_n_4         |                                                                                                                      |               13 |             32 |
|  design_1_i/clk_wiz_0/inst/clk_out1                                                            | design_1_i/Beispielrechner_System_0/U0/DMA_Inst/Kanal1/Rechenwerk.Aktuelle_Adresse[0]_i_1__0_n_4                 | design_1_i/Beispielrechner_System_0/U0/CPU_Inst/RST                                                                  |                8 |             32 |
|  design_1_i/clk_wiz_0/inst/clk_out1                                                            | design_1_i/Beispielrechner_System_0/U0/CPU_Inst/core/DataPath.ALU.mult/E[0]                                      | design_1_i/Beispielrechner_System_0/U0/CPU_Inst/SR[0]                                                                |               16 |             32 |
|  design_1_i/clk_wiz_0/inst/clk_out1                                                            | design_1_i/Beispielrechner_System_0/U0/CPU_Inst/core/Kontroll_reg[31]_0[0]                                       | design_1_i/Beispielrechner_System_0/U0/CPU_Inst/RST                                                                  |               17 |             32 |
|  design_1_i/clk_wiz_0/inst/clk_out1                                                            | design_1_i/Beispielrechner_System_0/U0/CPU_Inst/core/DataPath.PC_and_Exceptions.EPC[31]_i_1_n_4                  | design_1_i/Beispielrechner_System_0/U0/CPU_Inst/SR[0]                                                                |               10 |             32 |
|  design_1_i/Beispielrechner_System_0/n_3_3604_BUFG                                             |                                                                                                                  |                                                                                                                      |               23 |             32 |
|  design_1_i/clk_wiz_0/inst/clk_out1                                                            | design_1_i/Beispielrechner_System_0/U0/DMA_Inst/Kanal1/Aktuelle_Adresse                                          | design_1_i/Beispielrechner_System_0/U0/CPU_Inst/RST                                                                  |                8 |             32 |
|  design_1_i/clk_wiz_0/inst/clk_out1                                                            | design_1_i/Beispielrechner_System_0/U0/CPU_Inst/core/E[0]                                                        |                                                                                                                      |               11 |             32 |
|  design_1_i/clk_wiz_0/inst/clk_out1                                                            |                                                                                                                  | design_1_i/Beispielrechner_System_0/U0/CPU_Inst/core/DataPath.ALU.div/division.Rechenwerk.Fertig_i_1_n_4             |                6 |             34 |
|  design_1_i/clk_wiz_0/inst/clk_out1                                                            |                                                                                                                  | design_1_i/Beispielrechner_System_0/U0/CPU_Inst/SR[0]                                                                |               25 |             41 |
|  design_1_i/clk_wiz_0/inst/clk_out1                                                            | design_1_i/Beispielrechner_System_0/U0/CPU_Inst/core/DataPath.Instruction_reg[31]_2[0]                           | design_1_i/Beispielrechner_System_0/U0/CPU_Inst/SR[0]                                                                |               13 |             42 |
|  design_1_i/clk_wiz_0/inst/clk_out1                                                            | design_1_i/Beispielrechner_System_0/U0/CPU_Inst/core/ControlUnit.Start_Div_reg_n_4                               |                                                                                                                      |               22 |             66 |
|  design_1_i/clk_wiz_0/inst/clk_out1                                                            |                                                                                                                  | design_1_i/Beispielrechner_System_0/U0/CPU_Inst/RST                                                                  |              119 |            215 |
|  design_1_i/clk_wiz_0/inst/clk_out1                                                            |                                                                                                                  |                                                                                                                      |              259 |            958 |
+------------------------------------------------------------------------------------------------+------------------------------------------------------------------------------------------------------------------+----------------------------------------------------------------------------------------------------------------------+------------------+----------------+


+--------+-----------------------+
| Fanout | Number of ControlSets |
+--------+-----------------------+
| 1      |                    20 |
| 4      |                     8 |
| 5      |                     1 |
| 8      |                     5 |
| 10     |                     1 |
| 16+    |                    51 |
+--------+-----------------------+


